<?xml version="1.0" encoding="UTF-8"?>
<!-- Generated by org.testng.reporters.JUnitReportReporter -->
<testsuite hostname="PavithraSubburaj" failures="0" tests="1" name="testcase.TC001_AccountRegistrationTest" time="2.215" errors="0" timestamp="2024-10-10T11:19:09 CDT" skipped="0">
  <testcase classname="testcase.TC001_AccountRegistrationTest" name="verify_account_registration" time="2.215"/>
  <system-out/>
</testsuite> <!-- testcase.TC001_AccountRegistrationTest -->
