<?xml version="1.0" encoding="UTF-8"?>
<!-- Generated by org.testng.reporters.JUnitReportReporter -->
<testsuite hostname="PavithraSubburaj" failures="0" tests="1" name="testcases.TC001_AccountRegistrationTest" time="2.601" errors="0" timestamp="2024-10-16T10:25:51 CDT" skipped="0">
  <testcase classname="testcases.TC001_AccountRegistrationTest" name="verify_account_registration" time="2.601"/>
</testsuite> <!-- testcases.TC001_AccountRegistrationTest -->
