<?xml version="1.0" encoding="UTF-8"?>
<!-- Generated by org.testng.reporters.JUnitReportReporter -->
<testsuite hostname="PavithraSubburaj" failures="0" tests="1" name="testcases.TC002_LoginTest" time="1.737" errors="0" timestamp="2024-10-16T10:25:51 CDT" skipped="0">
  <testcase classname="testcases.TC002_LoginTest" name="verify_login" time="1.737"/>
</testsuite> <!-- testcases.TC002_LoginTest -->
